<?xml version="1.0" encoding="UTF-8" standalone="no"?>
<!DOCTYPE log SYSTEM "logger.dtd">
<log>
<record>
  <date>2021-01-16T21:36:08</date>
  <millis>1610829368999</millis>
  <sequence>11</sequence>
  <logger>main</logger>
  <level>SEVERE</level>
  <class>main.Models.utils.HibernateUtil</class>
  <method>getSessionFactory</method>
  <thread>14</thread>
  <message>Unable to create requested service [org.hibernate.engine.jdbc.env.spi.JdbcEnvironment]</message>
</record>
<record>
  <date>2021-01-16T21:36:09</date>
  <millis>1610829369001</millis>
  <sequence>12</sequence>
  <logger>main</logger>
  <level>WARNING</level>
  <class>main.Models.utils.HibernateUtil</class>
  <method>getSessionFactory</method>
  <thread>14</thread>
  <message>aaaa</message>
  <param>org.hibernate.service.internal.AbstractServiceRegistryImpl.createService(AbstractServiceRegistryImpl.java:275)
org.hibernate.service.internal.AbstractServiceRegistryImpl.initializeService(AbstractServiceRegistryImpl.java:237)
org.hibernate.service.internal.AbstractServiceRegistryImpl.getService(AbstractServiceRegistryImpl.java:214)
org.hibernate.id.factory.internal.DefaultIdentifierGeneratorFactory.injectServices(DefaultIdentifierGeneratorFactory.java:152)
org.hibernate.service.internal.AbstractServiceRegistryImpl.injectDependencies(AbstractServiceRegistryImpl.java:286)
org.hibernate.service.internal.AbstractServiceRegistryImpl.initializeService(AbstractServiceRegistryImpl.java:243)
org.hibernate.service.internal.AbstractServiceRegistryImpl.getService(AbstractServiceRegistryImpl.java:214)
org.hibernate.boot.internal.InFlightMetadataCollectorImpl.&lt;init&gt;(InFlightMetadataCollectorImpl.java:176)
org.hibernate.boot.model.process.spi.MetadataBuildingProcess.complete(MetadataBuildingProcess.java:127)
org.hibernate.boot.model.process.spi.MetadataBuildingProcess.build(MetadataBuildingProcess.java:86)
org.hibernate.boot.internal.MetadataBuilderImpl.build(MetadataBuilderImpl.java:473)
org.hibernate.boot.internal.MetadataBuilderImpl.build(MetadataBuilderImpl.java:84)
org.hibernate.cfg.Configuration.buildSessionFactory(Configuration.java:689)
main.Models.utils.HibernateUtil.getSessionFactory(HibernateUtil.java:73)
main.Models.dao.OrderDao.getAll(OrderDao.java:197)
main.Services.OrderService.getAllCommands(OrderService.java:14)
main.Controllers.ListOrdersController.loadData(ListOrdersController.java:63)
main.Controllers.ListOrdersController.initialize(ListOrdersController.java:57)
javafx.fxml.FXMLLoader.loadImpl(FXMLLoader.java:2548)
javafx.fxml.FXMLLoader.loadImpl(FXMLLoader.java:2441)
javafx.fxml.FXMLLoader.loadImpl(FXMLLoader.java:3214)
javafx.fxml.FXMLLoader.loadImpl(FXMLLoader.java:3175)
javafx.fxml.FXMLLoader.loadImpl(FXMLLoader.java:3148)
javafx.fxml.FXMLLoader.loadImpl(FXMLLoader.java:3124)
javafx.fxml.FXMLLoader.loadImpl(FXMLLoader.java:3104)
javafx.fxml.FXMLLoader.load(FXMLLoader.java:3097)
main.Controllers.MainContoller.displayCommandsPage(MainContoller.java:31)
sun.reflect.NativeMethodAccessorImpl.invoke0(Native Method)
sun.reflect.NativeMethodAccessorImpl.invoke(NativeMethodAccessorImpl.java:62)
sun.reflect.DelegatingMethodAccessorImpl.invoke(DelegatingMethodAccessorImpl.java:43)
java.lang.reflect.Method.invoke(Method.java:498)
sun.reflect.misc.Trampoline.invoke(MethodUtil.java:71)
sun.reflect.GeneratedMethodAccessor1.invoke(Unknown Source)
sun.reflect.DelegatingMethodAccessorImpl.invoke(DelegatingMethodAccessorImpl.java:43)
java.lang.reflect.Method.invoke(Method.java:498)
sun.reflect.misc.MethodUtil.invoke(MethodUtil.java:275)
javafx.fxml.FXMLLoader$MethodHandler.invoke(FXMLLoader.java:1769)
javafx.fxml.FXMLLoader$ControllerMethodEventHandler.handle(FXMLLoader.java:1657)
com.sun.javafx.event.CompositeEventHandler.dispatchBubblingEvent(CompositeEventHandler.java:86)
com.sun.javafx.event.EventHandlerManager.dispatchBubblingEvent(EventHandlerManager.java:238)
com.sun.javafx.event.EventHandlerManager.dispatchBubblingEvent(EventHandlerManager.java:191)
com.sun.javafx.event.CompositeEventDispatcher.dispatchBubblingEvent(CompositeEventDispatcher.java:59)
com.sun.javafx.event.BasicEventDispatcher.dispatchEvent(BasicEventDispatcher.java:58)
com.sun.javafx.event.EventDispatchChainImpl.dispatchEvent(EventDispatchChainImpl.java:114)
com.sun.javafx.event.BasicEventDispatcher.dispatchEvent(BasicEventDispatcher.java:56)
com.sun.javafx.event.EventDispatchChainImpl.dispatchEvent(EventDispatchChainImpl.java:114)
com.sun.javafx.event.BasicEventDispatcher.dispatchEvent(BasicEventDispatcher.java:56)
com.sun.javafx.event.EventDispatchChainImpl.dispatchEvent(EventDispatchChainImpl.java:114)
com.sun.javafx.event.EventUtil.fireEventImpl(EventUtil.java:74)
com.sun.javafx.event.EventUtil.fireEvent(EventUtil.java:54)
javafx.event.Event.fireEvent(Event.java:198)
javafx.scene.Scene$ClickGenerator.postProcess(Scene.java:3470)
javafx.scene.Scene$ClickGenerator.access$8100(Scene.java:3398)
javafx.scene.Scene$MouseHandler.process(Scene.java:3766)
javafx.scene.Scene$MouseHandler.access$1500(Scene.java:3485)
javafx.scene.Scene.impl_processMouseEvent(Scene.java:1762)
javafx.scene.Scene$ScenePeerListener.mouseEvent(Scene.java:2494)
com.sun.javafx.tk.quantum.GlassViewEventHandler$MouseEventNotification.run(GlassViewEventHandler.java:394)
com.sun.javafx.tk.quantum.GlassViewEventHandler$MouseEventNotification.run(GlassViewEventHandler.java:295)
java.security.AccessController.doPrivileged(Native Method)
com.sun.javafx.tk.quantum.GlassViewEventHandler.lambda$handleMouseEvent$2(GlassViewEventHandler.java:432)
com.sun.javafx.tk.quantum.QuantumToolkit.runWithoutRenderLock(QuantumToolkit.java:410)
com.sun.javafx.tk.quantum.GlassViewEventHandler.handleMouseEvent(GlassViewEventHandler.java:431)
com.sun.glass.ui.View.handleMouseEvent(View.java:555)
com.sun.glass.ui.View.notifyMouse(View.java:937)
com.sun.glass.ui.win.WinApplication._runLoop(Native Method)
com.sun.glass.ui.win.WinApplication.lambda$null$4(WinApplication.java:187)
java.lang.Thread.run(Thread.java:748)</param>
</record>
<?xml version="1.0" encoding="UTF-8" standalone="no"?>
<!DOCTYPE log SYSTEM "logger.dtd">
<log>
</log>
